<?xml version="1.0" encoding="UTF-8"?>
<testng-results ignored="0" total="1" passed="1" failed="0" skipped="0">
  <reporter-output>
  </reporter-output>
  <suite started-at="2020-08-02T22:53:31 IST" name="Surefire suite" finished-at="2020-08-02T22:53:32 IST" duration-ms="85">
    <groups>
    </groups>
    <test started-at="2020-08-02T22:53:31 IST" name="Surefire test" finished-at="2020-08-02T22:53:32 IST" duration-ms="85">
      <class name="Academy.Sampleproject.AppTest">
        <test-method signature="shouldAnswerWithTrue()" started-at="2020-08-02T22:53:32 IST" name="shouldAnswerWithTrue" finished-at="2020-08-02T22:53:32 IST" duration-ms="8" status="PASS">
          <reporter-output>
          </reporter-output>
        </test-method> <!-- shouldAnswerWithTrue -->
      </class> <!-- Academy.Sampleproject.AppTest -->
    </test> <!-- Surefire test -->
  </suite> <!-- Surefire suite -->
</testng-results>
