<?xml version="1.0" encoding="UTF-8"?>
<!-- Generated by org.testng.reporters.JUnitXMLReporter -->
<testsuite ignored="0" hostname="LAPTOP-V99O9GQN" failures="0" tests="3" name="Surefire test" time="51.026" errors="0" timestamp="2020-08-03T11:40:29 IST">
  <testcase classname="Academy.Sampleproject.HomepageTest" name="basepagenavigation" time="16.348"/>
  <testcase classname="Academy.Sampleproject.PriceverificationTest" name="pricecomparison" time="17.654"/>
  <testcase classname="Academy.Sampleproject.ProducttothecartTest" name="productverification" time="16.989"/>
</testsuite> <!-- Surefire test -->
