<?xml version="1.0" encoding="UTF-8"?>
<testng-results ignored="0" total="2" passed="2" failed="0" skipped="0">
  <reporter-output>
  </reporter-output>
  <suite started-at="2020-08-02T22:52:49 IST" name="Surefire suite" finished-at="2020-08-02T22:53:31 IST" duration-ms="42562">
    <groups>
    </groups>
    <test started-at="2020-08-02T22:52:49 IST" name="Surefire test" finished-at="2020-08-02T22:53:31 IST" duration-ms="42562">
      <class name="Academy.Sampleproject.PriceverificationTest">
        <test-method signature="pricecomparison()[pri:0, instance:Academy.Sampleproject.PriceverificationTest@1dd02175]" started-at="2020-08-02T22:53:03 IST" name="pricecomparison" finished-at="2020-08-02T22:53:31 IST" duration-ms="28583" status="PASS">
          <reporter-output>
          </reporter-output>
        </test-method> <!-- pricecomparison -->
      </class> <!-- Academy.Sampleproject.PriceverificationTest -->
      <class name="Academy.Sampleproject.HomepageTest">
        <test-method signature="basepagenavigation()[pri:0, instance:Academy.Sampleproject.HomepageTest@11e21d0e]" started-at="2020-08-02T22:52:49 IST" name="basepagenavigation" finished-at="2020-08-02T22:53:03 IST" duration-ms="13947" status="PASS">
          <reporter-output>
          </reporter-output>
        </test-method> <!-- basepagenavigation -->
      </class> <!-- Academy.Sampleproject.HomepageTest -->
    </test> <!-- Surefire test -->
  </suite> <!-- Surefire suite -->
</testng-results>
