<?xml version="1.0" encoding="UTF-8"?>
<testng-results ignored="0" total="1" passed="1" failed="0" skipped="0">
  <reporter-output>
  </reporter-output>
  <suite started-at="2020-08-01T22:32:54 IST" name="Surefire suite" finished-at="2020-08-01T22:33:17 IST" duration-ms="23161">
    <groups>
    </groups>
    <test started-at="2020-08-01T22:32:54 IST" name="Surefire test" finished-at="2020-08-01T22:33:17 IST" duration-ms="23161">
      <class name="Academy.Sampleproject.HomepageTest">
        <test-method signature="basepagenavigation()[pri:0, instance:Academy.Sampleproject.HomepageTest@b59d31]" started-at="2020-08-01T22:32:54 IST" name="basepagenavigation" finished-at="2020-08-01T22:33:17 IST" duration-ms="23138" status="PASS">
          <reporter-output>
          </reporter-output>
        </test-method> <!-- basepagenavigation -->
      </class> <!-- Academy.Sampleproject.HomepageTest -->
    </test> <!-- Surefire test -->
  </suite> <!-- Surefire suite -->
</testng-results>
